#
# There is insufficient memory for the Java Runtime Environment to continue.
# Native memory allocation (malloc) failed to allocate 1975856 bytes for Chunk::new
# Possible reasons:
#   The system is out of physical RAM or swap space
#   The process is running with CompressedOops enabled, and the Java Heap may be blocking the growth of the native heap
# Possible solutions:
#   Reduce memory load on the system
#   Increase physical memory or swap space
#   Check if swap backing store is full
#   Decrease Java heap size (-Xmx/-Xms)
#   Decrease number of Java threads
#   Decrease Java thread stack sizes (-Xss)
#   Set larger code cache with -XX:ReservedCodeCacheSize=
#   JVM is running with Zero Based Compressed Oops mode in which the Java heap is
#     placed in the first 32GB address space. The Java Heap base address is the
#     maximum limit for the native heap growth. Please use -XX:HeapBaseMinAddress
#     to set the Java Heap base and to place the Java Heap above 32GB virtual address.
# This output file may be truncated or incomplete.
#
#  Out of Memory Error (allocation.cpp:389), pid=43780, tid=0x0000000000003f4c
#
# JRE version: Java(TM) SE Runtime Environment (8.0_251-b08) (build 1.8.0_251-b08)
# Java VM: Java HotSpot(TM) 64-Bit Server VM (25.251-b08 mixed mode windows-amd64 compressed oops)
# Failed to write core dump. Minidumps are not enabled by default on client versions of Windows
#

---------------  T H R E A D  ---------------

Current thread (0x000000001e037000):  JavaThread "C2 CompilerThread2" daemon [_thread_in_native, id=16204, stack(0x000000001f890000,0x000000001f990000)]

Stack: [0x000000001f890000,0x000000001f990000]
[error occurred during error reporting (printing stack bounds), id 0xc0000005]

Native frames: (J=compiled Java code, j=interpreted, Vv=VM code, C=native code)


Current CompileTask:
C2: 142986 4610   !   4       SpreadTotalView::getCurrentBoxes (6988 bytes)


---------------  P R O C E S S  ---------------

Java Threads: ( => current thread )
  0x00000000203d3800 JavaThread "ActiveMQ Session Task-2" [_thread_blocked, id=45728, stack(0x000000002c430000,0x000000002c530000)]
  0x00000000203d5000 JavaThread "ActiveMQ Session Task-1" [_thread_blocked, id=11604, stack(0x000000002bff0000,0x000000002c0f0000)]
  0x0000000020468000 JavaThread "ActiveMQ Task-2" daemon [_thread_blocked, id=25628, stack(0x0000000000fc0000,0x00000000010c0000)]
  0x000000002046d800 JavaThread "ActiveMQ Transport: ssl://localhost/127.0.0.1:61617" [_thread_in_native, id=21864, stack(0x0000000000ec0000,0x0000000000fc0000)]
  0x000000002046b000 JavaThread "ActiveMQ Task-1" daemon [_thread_blocked, id=35884, stack(0x0000000000dc0000,0x0000000000ec0000)]
  0x000000002046c800 JavaThread "ActiveMQ Session Task-2" [_thread_blocked, id=10320, stack(0x000000002aa20000,0x000000002ab20000)]
  0x000000002046f000 JavaThread "ActiveMQ Session Task-1" [_thread_blocked, id=44740, stack(0x000000002a220000,0x000000002a320000)]
  0x0000000020468800 JavaThread "SwingWorker-pool-2-thread-1" daemon [_thread_blocked, id=11864, stack(0x000000002d180000,0x000000002d280000)]
  0x000000002046c000 JavaThread "D3D Screen Updater" daemon [_thread_blocked, id=40352, stack(0x000000002c730000,0x000000002c830000)]
  0x0000000020469800 JavaThread "TimerQueue" daemon [_thread_blocked, id=25200, stack(0x000000002c630000,0x000000002c730000)]
  0x000000002046e000 JavaThread "ActiveMQ InactivityMonitor WriteCheckTimer" daemon [_thread_blocked, id=43628, stack(0x000000002ab20000,0x000000002ac20000)]
  0x0000000020193800 JavaThread "ActiveMQ Transport: ssl://localhost/127.0.0.1:61617" [_thread_in_native, id=18096, stack(0x000000002a920000,0x000000002aa20000)]
  0x0000000020346800 JavaThread "ActiveMQ InactivityMonitor ReadCheckTimer" daemon [_thread_blocked, id=37916, stack(0x000000002a720000,0x000000002a820000)]
  0x0000000002bce000 JavaThread "DestroyJavaVM" [_thread_blocked, id=14376, stack(0x0000000002a50000,0x0000000002b50000)]
  0x000000001ff0f800 JavaThread "AWT-EventQueue-0" [_thread_in_Java, id=8476, stack(0x0000000020a80000,0x0000000020b80000)]
  0x000000001ff0e000 JavaThread "AWT-Windows" daemon [_thread_in_native, id=32776, stack(0x00000000207d0000,0x00000000208d0000)]
  0x000000001ff0d000 JavaThread "AWT-Shutdown" [_thread_blocked, id=31840, stack(0x00000000206d0000,0x00000000207d0000)]
  0x000000001ff0c800 JavaThread "Java2D Disposer" daemon [_thread_blocked, id=43740, stack(0x00000000205d0000,0x00000000206d0000)]
  0x000000001e0ba000 JavaThread "Service Thread" daemon [_thread_blocked, id=17772, stack(0x000000001fa90000,0x000000001fb90000)]
  0x000000001e037800 JavaThread "C1 CompilerThread3" daemon [_thread_blocked, id=24796, stack(0x000000001f990000,0x000000001fa90000)]
=>0x000000001e037000 JavaThread "C2 CompilerThread2" daemon [_thread_in_native, id=16204, stack(0x000000001f890000,0x000000001f990000)]
  0x000000001e030000 JavaThread "C2 CompilerThread1" daemon [_thread_in_native, id=29820, stack(0x000000001f790000,0x000000001f890000)]
  0x000000001e020800 JavaThread "C2 CompilerThread0" daemon [_thread_blocked, id=7020, stack(0x000000001f690000,0x000000001f790000)]
  0x000000001e01b800 JavaThread "Attach Listener" daemon [_thread_blocked, id=38896, stack(0x000000001f590000,0x000000001f690000)]
  0x000000001e01a800 JavaThread "Signal Dispatcher" daemon [_thread_blocked, id=41696, stack(0x000000001f490000,0x000000001f590000)]
  0x000000001e013800 JavaThread "Finalizer" daemon [_thread_blocked, id=35956, stack(0x000000001f290000,0x000000001f390000)]
  0x000000001c93c000 JavaThread "Reference Handler" daemon [_thread_blocked, id=22812, stack(0x000000001f190000,0x000000001f290000)]

Other Threads:
  0x000000001c936800 VMThread [stack: 0x000000001f090000,0x000000001f190000] [id=13400]
  0x000000001e0ee800 WatcherThread [stack: 0x000000001fb90000,0x000000001fc90000] [id=21612]

VM state:not at safepoint (normal execution)

VM Mutex/Monitor currently owned by a thread: None

heap address: 0x00000006c1200000, size: 4078 MB, Compressed Oops mode: Zero based, Oop shift amount: 3
Narrow klass base: 0x0000000000000000, Narrow klass shift: 3
Compressed class space size: 1073741824 Address: 0x00000007c0000000

Heap:
 PSYoungGen      total 326144K, used 298666K [0x000000076b100000, 0x0000000785200000, 0x00000007c0000000)
  eden space 310784K, 95% used [0x000000076b100000,0x000000077d2ea8e0,0x000000077e080000)
  from space 15360K, 11% used [0x000000077ef00000,0x000000077f0c0000,0x000000077fe00000)
  to   space 14848K, 0% used [0x000000077e080000,0x000000077e080000,0x000000077ef00000)
 ParOldGen       total 74752K, used 65772K [0x00000006c1200000, 0x00000006c5b00000, 0x000000076b100000)
  object space 74752K, 87% used [0x00000006c1200000,0x00000006c523b350,0x00000006c5b00000)
 Metaspace       used 24092K, capacity 24418K, committed 24832K, reserved 1071104K
  class space    used 2961K, capacity 3041K, committed 3072K, reserved 1048576K

Card table byte_map: [0x0000000012090000,0x0000000012890000] byte_map_base: 0x000000000ea87000

Marking Bits: (ParMarkBitMap*) 0x000000006465af90
 Begin Bits: [0x00000000137e0000, 0x0000000017798000)
 End Bits:   [0x0000000017798000, 0x000000001b750000)

Polling page: 0x0000000000c90000

CodeCache: size=245760Kb used=15313Kb max_used=15313Kb free=230446Kb
 bounds [0x0000000002cd0000, 0x0000000003c10000, 0x0000000011cd0000]
 total_blobs=4430 nmethods=3795 adapters=547
 compilation: enabled

Compilation events (10 events):
Event: 142.666 Thread 0x000000001e037800 nmethod 4615 0x0000000003506610 code [0x00000000035068a0, 0x0000000003507ca8]
Event: 142.756 Thread 0x000000001e037800 4616       3       java.awt.Component::dispatchEvent (6 bytes)
Event: 142.756 Thread 0x000000001e037800 nmethod 4616 0x0000000003876dd0 code [0x0000000003876f40, 0x0000000003877148]
Event: 142.756 Thread 0x000000001e037800 4617       1       java.awt.event.MouseEvent::getX (5 bytes)
Event: 142.756 Thread 0x000000001e037800 nmethod 4617 0x0000000003066610 code [0x0000000003066760, 0x0000000003066870]
Event: 142.756 Thread 0x000000001e037800 4619       3       java.awt.Toolkit$SelectiveAWTEventListener::eventDispatched (745 bytes)
Event: 142.757 Thread 0x000000001e037800 nmethod 4619 0x0000000003504890 code [0x0000000003504ac0, 0x0000000003506048]
Event: 142.758 Thread 0x000000001e037800 4618       1       java.awt.event.MouseEvent::getY (5 bytes)
Event: 142.758 Thread 0x000000001e037800 nmethod 4618 0x0000000003477550 code [0x00000000034776a0, 0x00000000034777b0]
Event: 142.977 Thread 0x000000001e030000 4620       4       org.apache.activemq.command.ActiveMQMapMessage::getDouble (121 bytes)

GC Heap History (10 events):
Event: 139.734 GC heap before
{Heap before GC invocations=27 (full 1):
 PSYoungGen      total 212480K, used 195712K [0x000000076b100000, 0x000000077c980000, 0x00000007c0000000)
  eden space 193024K, 100% used [0x000000076b100000,0x0000000776d80000,0x0000000776d80000)
  from space 19456K, 13% used [0x0000000776d80000,0x0000000777020000,0x0000000778080000)
  to   space 18944K, 0% used [0x000000077b700000,0x000000077b700000,0x000000077c980000)
 ParOldGen       total 74752K, used 64684K [0x00000006c1200000, 0x00000006c5b00000, 0x000000076b100000)
  object space 74752K, 86% used [0x00000006c1200000,0x00000006c512b350,0x00000006c5b00000)
 Metaspace       used 24016K, capacity 24290K, committed 24576K, reserved 1071104K
  class space    used 2961K, capacity 3041K, committed 3072K, reserved 1048576K
Event: 139.738 GC heap after
Heap after GC invocations=27 (full 1):
 PSYoungGen      total 265216K, used 2624K [0x000000076b100000, 0x000000077c700000, 0x00000007c0000000)
  eden space 248832K, 0% used [0x000000076b100000,0x000000076b100000,0x000000077a400000)
  from space 16384K, 16% used [0x000000077b700000,0x000000077b990000,0x000000077c700000)
  to   space 17920K, 0% used [0x000000077a400000,0x000000077a400000,0x000000077b580000)
 ParOldGen       total 74752K, used 64740K [0x00000006c1200000, 0x00000006c5b00000, 0x000000076b100000)
  object space 74752K, 86% used [0x00000006c1200000,0x00000006c5139350,0x00000006c5b00000)
 Metaspace       used 24016K, capacity 24290K, committed 24576K, reserved 1071104K
  class space    used 2961K, capacity 3041K, committed 3072K, reserved 1048576K
}
Event: 140.258 GC heap before
{Heap before GC invocations=28 (full 1):
 PSYoungGen      total 265216K, used 251456K [0x000000076b100000, 0x000000077c700000, 0x00000007c0000000)
  eden space 248832K, 100% used [0x000000076b100000,0x000000077a400000,0x000000077a400000)
  from space 16384K, 16% used [0x000000077b700000,0x000000077b990000,0x000000077c700000)
  to   space 17920K, 0% used [0x000000077a400000,0x000000077a400000,0x000000077b580000)
 ParOldGen       total 74752K, used 64740K [0x00000006c1200000, 0x00000006c5b00000, 0x000000076b100000)
  object space 74752K, 86% used [0x00000006c1200000,0x00000006c5139350,0x00000006c5b00000)
 Metaspace       used 24023K, capacity 24354K, committed 24576K, reserved 1071104K
  class space    used 2961K, capacity 3041K, committed 3072K, reserved 1048576K
Event: 140.260 GC heap after
Heap after GC invocations=28 (full 1):
 PSYoungGen      total 266752K, used 2624K [0x000000076b100000, 0x0000000780a00000, 0x00000007c0000000)
  eden space 248832K, 0% used [0x000000076b100000,0x000000076b100000,0x000000077a400000)
  from space 17920K, 14% used [0x000000077a400000,0x000000077a690000,0x000000077b580000)
  to   space 16896K, 0% used [0x000000077f980000,0x000000077f980000,0x0000000780a00000)
 ParOldGen       total 74752K, used 64764K [0x00000006c1200000, 0x00000006c5b00000, 0x000000076b100000)
  object space 74752K, 86% used [0x00000006c1200000,0x00000006c513f350,0x00000006c5b00000)
 Metaspace       used 24023K, capacity 24354K, committed 24576K, reserved 1071104K
  class space    used 2961K, capacity 3041K, committed 3072K, reserved 1048576K
}
Event: 141.033 GC heap before
{Heap before GC invocations=29 (full 1):
 PSYoungGen      total 266752K, used 251456K [0x000000076b100000, 0x0000000780a00000, 0x00000007c0000000)
  eden space 248832K, 100% used [0x000000076b100000,0x000000077a400000,0x000000077a400000)
  from space 17920K, 14% used [0x000000077a400000,0x000000077a690000,0x000000077b580000)
  to   space 16896K, 0% used [0x000000077f980000,0x000000077f980000,0x0000000780a00000)
 ParOldGen       total 74752K, used 64764K [0x00000006c1200000, 0x00000006c5b00000, 0x000000076b100000)
  object space 74752K, 86% used [0x00000006c1200000,0x00000006c513f350,0x00000006c5b00000)
 Metaspace       used 24048K, capacity 24354K, committed 24576K, reserved 1071104K
  class space    used 2961K, capacity 3041K, committed 3072K, reserved 1048576K
Event: 141.037 GC heap after
Heap after GC invocations=29 (full 1):
 PSYoungGen      total 242176K, used 2592K [0x000000076b100000, 0x000000077fc80000, 0x00000007c0000000)
  eden space 239104K, 0% used [0x000000076b100000,0x000000076b100000,0x0000000779a80000)
  from space 3072K, 84% used [0x000000077f980000,0x000000077fc08000,0x000000077fc80000)
  to   space 16384K, 0% used [0x000000077dc80000,0x000000077dc80000,0x000000077ec80000)
 ParOldGen       total 74752K, used 64812K [0x00000006c1200000, 0x00000006c5b00000, 0x000000076b100000)
  object space 74752K, 86% used [0x00000006c1200000,0x00000006c514b350,0x00000006c5b00000)
 Metaspace       used 24048K, capacity 24354K, committed 24576K, reserved 1071104K
  class space    used 2961K, capacity 3041K, committed 3072K, reserved 1048576K
}
Event: 141.512 GC heap before
{Heap before GC invocations=30 (full 1):
 PSYoungGen      total 242176K, used 241696K [0x000000076b100000, 0x000000077fc80000, 0x00000007c0000000)
  eden space 239104K, 100% used [0x000000076b100000,0x0000000779a80000,0x0000000779a80000)
  from space 3072K, 84% used [0x000000077f980000,0x000000077fc08000,0x000000077fc80000)
  to   space 16384K, 0% used [0x000000077dc80000,0x000000077dc80000,0x000000077ec80000)
 ParOldGen       total 74752K, used 64812K [0x00000006c1200000, 0x00000006c5b00000, 0x000000076b100000)
  object space 74752K, 86% used [0x00000006c1200000,0x00000006c514b350,0x00000006c5b00000)
 Metaspace       used 24076K, capacity 24418K, committed 24832K, reserved 1071104K
  class space    used 2961K, capacity 3041K, committed 3072K, reserved 1048576K
Event: 141.580 GC heap after
Heap after GC invocations=30 (full 1):
 PSYoungGen      total 323072K, used 2624K [0x000000076b100000, 0x000000077fe00000, 0x00000007c0000000)
  eden space 306688K, 0% used [0x000000076b100000,0x000000076b100000,0x000000077dc80000)
  from space 16384K, 16% used [0x000000077dc80000,0x000000077df10000,0x000000077ec80000)
  to   space 15360K, 0% used [0x000000077ef00000,0x000000077ef00000,0x000000077fe00000)
 ParOldGen       total 74752K, used 64876K [0x00000006c1200000, 0x00000006c5b00000, 0x000000076b100000)
  object space 74752K, 86% used [0x00000006c1200000,0x00000006c515b350,0x00000006c5b00000)
 Metaspace       used 24076K, capacity 24418K, committed 24832K, reserved 1071104K
  class space    used 2961K, capacity 3041K, committed 3072K, reserved 1048576K
}
Event: 142.148 GC heap before
{Heap before GC invocations=31 (full 1):
 PSYoungGen      total 323072K, used 309312K [0x000000076b100000, 0x000000077fe00000, 0x00000007c0000000)
  eden space 306688K, 100% used [0x000000076b100000,0x000000077dc80000,0x000000077dc80000)
  from space 16384K, 16% used [0x000000077dc80000,0x000000077df10000,0x000000077ec80000)
  to   space 15360K, 0% used [0x000000077ef00000,0x000000077ef00000,0x000000077fe00000)
 ParOldGen       total 74752K, used 64876K [0x00000006c1200000, 0x00000006c5b00000, 0x000000076b100000)
  object space 74752K, 86% used [0x00000006c1200000,0x00000006c515b350,0x00000006c5b00000)
 Metaspace       used 24087K, capacity 24418K, committed 24832K, reserved 1071104K
  class space    used 2961K, capacity 3041K, committed 3072K, reserved 1048576K
Event: 142.155 GC heap after
Heap after GC invocations=31 (full 1):
 PSYoungGen      total 326144K, used 1792K [0x000000076b100000, 0x0000000785200000, 0x00000007c0000000)
  eden space 310784K, 0% used [0x000000076b100000,0x000000076b100000,0x000000077e080000)
  from space 15360K, 11% used [0x000000077ef00000,0x000000077f0c0000,0x000000077fe00000)
  to   space 14848K, 0% used [0x000000077e080000,0x000000077e080000,0x000000077ef00000)
 ParOldGen       total 74752K, used 65772K [0x00000006c1200000, 0x00000006c5b00000, 0x000000076b100000)
  object space 74752K, 87% used [0x00000006c1200000,0x00000006c523b350,0x00000006c5b00000)
 Metaspace       used 24087K, capacity 24418K, committed 24832K, reserved 1071104K
  class space    used 2961K, capacity 3041K, committed 3072K, reserved 1048576K
}

Deoptimization events (10 events):
Event: 140.734 Thread 0x00000000203d5000 Uncommon trap: reason=class_check action=maybe_recompile pc=0x000000000364eb3c method=org.apache.activemq.ConnectionAudit.isDuplicate(Lorg/apache/activemq/ActiveMQDispatcher;Lorg/apache/activemq/command/Message;)Z @ 21
Event: 140.734 Thread 0x00000000203d5000 Uncommon trap: reason=class_check action=maybe_recompile pc=0x000000000361b298 method=org.apache.activemq.ActiveMQMessageConsumer.createActiveMQMessage(Lorg/apache/activemq/command/MessageDispatch;)Lorg/apache/activemq/command/ActiveMQMessage; @ 4
Event: 140.735 Thread 0x00000000203d5000 Uncommon trap: reason=class_check action=maybe_recompile pc=0x00000000035dc808 method=org.apache.activemq.ActiveMQMessageConsumer.iterate()Z @ 7
Event: 140.735 Thread 0x00000000203d5000 Uncommon trap: reason=class_check action=maybe_recompile pc=0x000000000364eb3c method=org.apache.activemq.ConnectionAudit.isDuplicate(Lorg/apache/activemq/ActiveMQDispatcher;Lorg/apache/activemq/command/Message;)Z @ 21
Event: 140.735 Thread 0x00000000203d5000 Uncommon trap: reason=bimorphic action=maybe_recompile pc=0x00000000031e1148 method=java.util.Vector.indexOf(Ljava/lang/Object;I)I @ 51
Event: 140.739 Thread 0x00000000203d5000 Uncommon trap: reason=bimorphic action=maybe_recompile pc=0x00000000031e1148 method=java.util.Vector.indexOf(Ljava/lang/Object;I)I @ 51
Event: 141.599 Thread 0x000000001ff0f800 Uncommon trap: reason=unstable_if action=reinterpret pc=0x0000000003a5cf00 method=SpreadTotalView.getCurrentBoxes()[LLineData; @ 366
Event: 141.600 Thread 0x000000001ff0f800 Uncommon trap: reason=unstable_if action=reinterpret pc=0x00000000039311b4 method=javax.swing.JLabel.setIcon(Ljavax/swing/Icon;)V @ 82
Event: 141.600 Thread 0x000000001ff0f800 Uncommon trap: reason=unstable_if action=reinterpret pc=0x0000000003b112b8 method=LinePanel.setBottom(LLineData;II)V @ 208
Event: 141.880 Thread 0x000000001ff0f800 Uncommon trap: reason=unstable_if action=reinterpret pc=0x0000000003997e28 method=javax.swing.plaf.basic.BasicLabelUI.getPreferredSize(Ljavax/swing/JComponent;)Ljava/awt/Dimension; @ 71

Classes redefined (0 events):
No events

Internal exceptions (10 events):
Event: 142.977 Thread 0x000000001ff0f800 Exception <a 'java/lang/NullPointerException'> (0x000000077d0b9e90) thrown at [C:\jenkins\workspace\8-2-build-windows-amd64-cygwin\jdk8u251\737\hotspot\src\share\vm\runtime\sharedRuntime.cpp, line 605]
Event: 142.977 Thread 0x000000001ff0f800 Implicit null exception at 0x0000000003b6e8c5 to 0x0000000003b9d8b1
Event: 142.977 Thread 0x000000001ff0f800 Exception <a 'java/lang/NullPointerException'> (0x000000077d0ba098) thrown at [C:\jenkins\workspace\8-2-build-windows-amd64-cygwin\jdk8u251\737\hotspot\src\share\vm\runtime\sharedRuntime.cpp, line 605]
Event: 142.977 Thread 0x000000001ff0f800 Implicit null exception at 0x0000000003b6a533 to 0x0000000003b9d036
Event: 142.977 Thread 0x000000001ff0f800 Exception <a 'java/lang/NullPointerException'> (0x000000077d0ba6d0) thrown at [C:\jenkins\workspace\8-2-build-windows-amd64-cygwin\jdk8u251\737\hotspot\src\share\vm\runtime\sharedRuntime.cpp, line 605]
Event: 142.977 Thread 0x000000001ff0f800 Implicit null exception at 0x0000000003b6bd6e to 0x0000000003b9d34b
Event: 142.977 Thread 0x000000001ff0f800 Exception <a 'java/lang/NullPointerException'> (0x000000077d0ba8d8) thrown at [C:\jenkins\workspace\8-2-build-windows-amd64-cygwin\jdk8u251\737\hotspot\src\share\vm\runtime\sharedRuntime.cpp, line 605]
Event: 142.977 Thread 0x000000001ff0f800 Implicit null exception at 0x0000000003b6d0ea to 0x0000000003b9d5b3
Event: 142.977 Thread 0x000000001ff0f800 Exception <a 'java/lang/NullPointerException'> (0x000000077d0baae0) thrown at [C:\jenkins\workspace\8-2-build-windows-amd64-cygwin\jdk8u251\737\hotspot\src\share\vm\runtime\sharedRuntime.cpp, line 605]
Event: 142.977 Thread 0x000000001ff0f800 Implicit null exception at 0x0000000003b6e8c5 to 0x0000000003b9d8b1

Events (10 events):
Event: 141.600 Thread 0x000000001ff0f800 Uncommon trap: trap_request=0xffffff65 fr.pc=0x0000000003b112b8
Event: 141.600 Thread 0x000000001ff0f800 DEOPT PACKING pc=0x0000000003b112b8 sp=0x0000000020b7bef0
Event: 141.600 Thread 0x000000001ff0f800 DEOPT UNPACKING pc=0x0000000002d1583b sp=0x0000000020b7bea8 mode 2
Event: 141.600 loading class sun/java2d/loops/Blit$GeneralMaskBlit
Event: 141.600 loading class sun/java2d/loops/Blit$GeneralMaskBlit done
Event: 141.880 Thread 0x000000001ff0f800 Uncommon trap: trap_request=0xffffff65 fr.pc=0x0000000003997e28
Event: 141.880 Thread 0x000000001ff0f800 DEOPT PACKING pc=0x0000000003997e28 sp=0x0000000020b7dec0
Event: 141.880 Thread 0x000000001ff0f800 DEOPT UNPACKING pc=0x0000000002d1583b sp=0x0000000020b7de58 mode 2
Event: 142.148 Executing VM operation: ParallelGCFailedAllocation
Event: 142.155 Executing VM operation: ParallelGCFailedAllocation done


Dynamic libraries:
0x00007ff624e00000 - 0x00007ff624e37000 	C:\Program Files (x86)\Common Files\Oracle\Java\javapath\java.exe
0x00007ffedfea0000 - 0x00007ffee0090000 	C:\WINDOWS\SYSTEM32\ntdll.dll
0x00007ffedf2a0000 - 0x00007ffedf352000 	C:\WINDOWS\System32\KERNEL32.DLL
0x00007ffedce30000 - 0x00007ffedd0d5000 	C:\WINDOWS\System32\KERNELBASE.dll
0x00007ffedf520000 - 0x00007ffedf5c3000 	C:\WINDOWS\System32\ADVAPI32.dll
0x00007ffedeec0000 - 0x00007ffedef5e000 	C:\WINDOWS\System32\msvcrt.dll
0x00007ffedee20000 - 0x00007ffedeeb7000 	C:\WINDOWS\System32\sechost.dll
0x00007ffeded00000 - 0x00007ffedee20000 	C:\WINDOWS\System32\RPCRT4.dll
0x00007ffedfcc0000 - 0x00007ffedfe55000 	C:\WINDOWS\System32\USER32.dll
0x00007ffedd550000 - 0x00007ffedd571000 	C:\WINDOWS\System32\win32u.dll
0x00007ffede630000 - 0x00007ffede656000 	C:\WINDOWS\System32\GDI32.dll
0x00007ffeddd80000 - 0x00007ffeddf16000 	C:\WINDOWS\System32\gdi32full.dll
0x00007ffedd200000 - 0x00007ffedd29e000 	C:\WINDOWS\System32\msvcp_win.dll
0x00007ffedd2a0000 - 0x00007ffedd39a000 	C:\WINDOWS\System32\ucrtbase.dll
0x00007ffed5a30000 - 0x00007ffed5cb4000 	C:\WINDOWS\WinSxS\amd64_microsoft.windows.common-controls_6595b64144ccf1df_6.0.18362.1082_none_9e8193e1e45b25c1\COMCTL32.dll
0x00007ffede270000 - 0x00007ffede5a5000 	C:\WINDOWS\System32\combase.dll
0x00007ffedd580000 - 0x00007ffedd600000 	C:\WINDOWS\System32\bcryptPrimitives.dll
0x00007ffedf190000 - 0x00007ffedf1be000 	C:\WINDOWS\System32\IMM32.DLL
0x00000000646e0000 - 0x00000000647b2000 	C:\jre8\bin\msvcr100.dll
0x0000000063e30000 - 0x00000000646db000 	C:\jre8\bin\server\jvm.dll
0x00007ffede5b0000 - 0x00007ffede5b8000 	C:\WINDOWS\System32\PSAPI.DLL
0x00007ffed76f0000 - 0x00007ffed7714000 	C:\WINDOWS\SYSTEM32\WINMM.dll
0x00007ffed7670000 - 0x00007ffed767a000 	C:\WINDOWS\SYSTEM32\VERSION.dll
0x00007ffed1e70000 - 0x00007ffed1e79000 	C:\WINDOWS\SYSTEM32\WSOCK32.dll
0x00007ffede820000 - 0x00007ffede88f000 	C:\WINDOWS\System32\WS2_32.dll
0x00007ffed76c0000 - 0x00007ffed76ed000 	C:\WINDOWS\SYSTEM32\winmmbase.dll
0x00007ffedd0e0000 - 0x00007ffedd12a000 	C:\WINDOWS\System32\cfgmgr32.dll
0x00007ffed8e60000 - 0x00007ffed8e6f000 	C:\jre8\bin\verify.dll
0x00007ffed8e30000 - 0x00007ffed8e59000 	C:\jre8\bin\java.dll
0x00007ffed8e10000 - 0x00007ffed8e26000 	C:\jre8\bin\zip.dll
0x00007ffedf5d0000 - 0x00007ffedfcb7000 	C:\WINDOWS\System32\SHELL32.dll
0x00007ffeddf50000 - 0x00007ffeddff9000 	C:\WINDOWS\System32\shcore.dll
0x00007ffedd600000 - 0x00007ffeddd80000 	C:\WINDOWS\System32\windows.storage.dll
0x00007ffedce00000 - 0x00007ffedce23000 	C:\WINDOWS\System32\profapi.dll
0x00007ffedcdb0000 - 0x00007ffedcdfa000 	C:\WINDOWS\System32\powrprof.dll
0x00007ffedcd60000 - 0x00007ffedcd70000 	C:\WINDOWS\System32\UMPDC.dll
0x00007ffede5d0000 - 0x00007ffede622000 	C:\WINDOWS\System32\shlwapi.dll
0x00007ffedcd70000 - 0x00007ffedcd81000 	C:\WINDOWS\System32\kernel.appcore.dll
0x00007ffedd1e0000 - 0x00007ffedd1f7000 	C:\WINDOWS\System32\cryptsp.dll
0x00007ffed6800000 - 0x00007ffed699a000 	C:\jre8\bin\awt.dll
0x00007ffedf0c0000 - 0x00007ffedf185000 	C:\WINDOWS\System32\OLEAUT32.dll
0x00007ffedb000000 - 0x00007ffedb08f000 	C:\WINDOWS\SYSTEM32\apphelp.dll
0x00007ffedb4f0000 - 0x00007ffedb589000 	C:\WINDOWS\system32\uxtheme.dll
0x00007ffede130000 - 0x00007ffede265000 	C:\WINDOWS\System32\MSCTF.dll
0x00007ffedef60000 - 0x00007ffedf0b7000 	C:\WINDOWS\System32\ole32.dll
0x00007ffedb5c0000 - 0x00007ffedb5ed000 	C:\WINDOWS\system32\DWMAPI.DLL
0x00007ffe9e860000 - 0x00007ffe9e9b6000 	C:\WINDOWS\system32\opengl32.dll
0x00007ffed8d60000 - 0x00007ffed8d8c000 	C:\WINDOWS\SYSTEM32\GLU32.dll
0x00007ffedb9b0000 - 0x00007ffedb9d0000 	C:\WINDOWS\SYSTEM32\dxcore.dll
0x00007ffe9e690000 - 0x00007ffe9e857000 	C:\WINDOWS\system32\d3d9.dll
0x00007ffec67b0000 - 0x00007ffec6912000 	C:\WINDOWS\SYSTEM32\aticfx64.dll
0x00007ffed8d30000 - 0x00007ffed8d51000 	C:\WINDOWS\SYSTEM32\atiu9p64.dll
0x00007ffe9de30000 - 0x00007ffe9e68b000 	C:\WINDOWS\SYSTEM32\atiumd64.dll
0x0000000065220000 - 0x0000000065aa5000 	C:\WINDOWS\SYSTEM32\atiumd6a.dll
0x00007ffed8df0000 - 0x00007ffed8e0a000 	C:\jre8\bin\net.dll
0x00007ffedc5a0000 - 0x00007ffedc607000 	C:\WINDOWS\system32\mswsock.dll
0x00007ffed1db0000 - 0x00007ffed1dc6000 	C:\WINDOWS\system32\napinsp.dll
0x00007ffed1c90000 - 0x00007ffed1caa000 	C:\WINDOWS\system32\pnrpnsp.dll
0x00007ffedc2a0000 - 0x00007ffedc36b000 	C:\WINDOWS\SYSTEM32\DNSAPI.dll
0x00007ffede810000 - 0x00007ffede818000 	C:\WINDOWS\System32\NSI.dll
0x00007ffedc260000 - 0x00007ffedc29a000 	C:\WINDOWS\SYSTEM32\IPHLPAPI.DLL
0x00007ffed1c50000 - 0x00007ffed1c5e000 	C:\WINDOWS\System32\winrnr.dll
0x00007ffed8d10000 - 0x00007ffed8d2c000 	C:\WINDOWS\system32\NLAapi.dll
0x00007ffed1c30000 - 0x00007ffed1c45000 	C:\WINDOWS\system32\wshbth.dll
0x00007ffed5480000 - 0x00007ffed548a000 	C:\Windows\System32\rasadhlp.dll
0x00007ffed72d0000 - 0x00007ffed7347000 	C:\WINDOWS\System32\fwpuclnt.dll
0x00007ffeddf20000 - 0x00007ffeddf46000 	C:\WINDOWS\System32\bcrypt.dll
0x00007ffed8dc0000 - 0x00007ffed8de4000 	C:\jre8\bin\sunec.dll
0x00007ffed7680000 - 0x00007ffed7696000 	C:\WINDOWS\SYSTEM32\dhcpcsvc6.DLL
0x00007ffed79a0000 - 0x00007ffed79bc000 	C:\WINDOWS\SYSTEM32\dhcpcsvc.DLL
0x00007ffed8da0000 - 0x00007ffed8db2000 	C:\jre8\bin\nio.dll
0x00007ffedc0c0000 - 0x00007ffedc0f3000 	C:\WINDOWS\system32\rsaenh.dll
0x00007ffedcc80000 - 0x00007ffedcca5000 	C:\WINDOWS\SYSTEM32\USERENV.dll
0x00007ffedc780000 - 0x00007ffedc78c000 	C:\WINDOWS\SYSTEM32\CRYPTBASE.dll
0x00007ffed8d90000 - 0x00007ffed8d9c000 	C:\jre8\bin\sunmscapi.dll
0x00007ffedd400000 - 0x00007ffedd549000 	C:\WINDOWS\System32\CRYPT32.dll
0x00007ffedcd90000 - 0x00007ffedcda2000 	C:\WINDOWS\System32\MSASN1.dll
0x00007ffedc880000 - 0x00007ffedc8a6000 	C:\WINDOWS\SYSTEM32\ncrypt.dll
0x00007ffedc840000 - 0x00007ffedc87b000 	C:\WINDOWS\SYSTEM32\NTASN1.dll
0x00007ffed7e30000 - 0x00007ffed7e79000 	C:\jre8\bin\fontmanager.dll
0x00007ffed6e70000 - 0x00007ffed6eb2000 	C:\jre8\bin\t2k.dll
0x00007ffed67d0000 - 0x00007ffed67fa000 	C:\jre8\bin\dcpr.dll
0x00007ffede000000 - 0x00007ffede0a2000 	C:\WINDOWS\System32\clbcatq.dll
0x00007ffec9a10000 - 0x00007ffec9bbf000 	C:\WINDOWS\SYSTEM32\WindowsCodecs.dll
0x00007ffec4350000 - 0x00007ffec438a000 	C:\WINDOWS\system32\dataexchange.dll
0x00007ffeda770000 - 0x00007ffeda94d000 	C:\WINDOWS\system32\dcomp.dll
0x00007ffeda510000 - 0x00007ffeda76b000 	C:\WINDOWS\system32\d3d11.dll
0x00007ffedb9d0000 - 0x00007ffedbabb000 	C:\WINDOWS\system32\dxgi.dll
0x00007ffedb0d0000 - 0x00007ffedb332000 	C:\WINDOWS\system32\twinapi.appcore.dll
0x00007ffedb6a0000 - 0x00007ffedb6c9000 	C:\WINDOWS\system32\RMCLIENT.dll
0x00007ffec93b0000 - 0x00007ffec944e000 	C:\WINDOWS\System32\TextInputFramework.dll
0x00007ffec8a60000 - 0x00007ffec8d8a000 	C:\WINDOWS\System32\CoreUIComponents.dll
0x00007ffedbeb0000 - 0x00007ffedbee1000 	C:\WINDOWS\SYSTEM32\ntmarta.dll
0x00007ffedada0000 - 0x00007ffedae74000 	C:\WINDOWS\System32\CoreMessaging.dll
0x00007ffed9570000 - 0x00007ffed96c3000 	C:\WINDOWS\SYSTEM32\wintypes.dll
0x00007ffed5160000 - 0x00007ffed5406000 	C:\WINDOWS\System32\iertutil.dll

VM Arguments:
java_command: SpankOdds
java_class_path (initial): c:\spankodds\jersey-bundle-1.18.jar;c:\spankodds\javax.websocket-client-api-1.1.jar;.;c:\spankodds\tyrus-standalone-client-1.9.jar;c:\controlsfx\controlsfx-8.40.16.jar;C:\apache-activemq-5.15.12\activemq-all-5.15.12.jar;C:\apache-activemq-5.15.12;c:\mysql-connector.jar;c:\spankoddsclient\;C:\jide\lib\jide-common.jar;C:\jide\lib\jide-grids.jar;C:\jide\lib\jide-components.jar;c:\jide\lib\jide-dock.jar;c:\jide\lib\jide-dialogs.jar;c:\jide\lib\jide-shortcut.jar;c:\jide\lib\jide-pivot.jar;c:\spankoddsserver\guava-23.0.jar;c:\spankoddsclient2\synthetica.jar;c:\swingx\swingx-action-1.6.5-1.jar;c:\swingx\swingx-autocomplete-1.6.5-1.jar;c:\swingx\swingx-common-1.6.5-1.jar;c:\swingx\swingx-core-1.6.5-1.jar;c:\swingx\swingx-graphics-1.6.5-1.jar;c:\swingx\swingx-painters-1.6.5-1.jar;c:\swingx\swingx-plaf-1.6.5-1.jar;c:\commons-lang3-3.10.jar;c:\spankoddsserver\BETCRIS\amqp-client-5.9.0.jar;
Launcher Type: SUN_STANDARD

Environment Variables:
JAVA_HOME=C:\jdk1.8.0_251
CLASSPATH=c:\spankodds\jersey-bundle-1.18.jar;c:\spankodds\javax.websocket-client-api-1.1.jar;.;c:\spankodds\tyrus-standalone-client-1.9.jar;c:\controlsfx\controlsfx-8.40.16.jar;C:\apache-activemq-5.15.12\activemq-all-5.15.12.jar;C:\apache-activemq-5.15.12;c:\mysql-connector.jar;c:\spankoddsclient\;C:\jide\lib\jide-common.jar;C:\jide\lib\jide-grids.jar;C:\jide\lib\jide-components.jar;c:\jide\lib\jide-dock.jar;c:\jide\lib\jide-dialogs.jar;c:\jide\lib\jide-shortcut.jar;c:\jide\lib\jide-pivot.jar;c:\spankoddsserver\guava-23.0.jar;c:\spankoddsclient2\synthetica.jar;c:\swingx\swingx-action-1.6.5-1.jar;c:\swingx\swingx-autocomplete-1.6.5-1.jar;c:\swingx\swingx-common-1.6.5-1.jar;c:\swingx\swingx-core-1.6.5-1.jar;c:\swingx\swingx-graphics-1.6.5-1.jar;c:\swingx\swingx-painters-1.6.5-1.jar;c:\swingx\swingx-plaf-1.6.5-1.jar;c:\commons-lang3-3.10.jar;c:\spankoddsserver\BETCRIS\amqp-client-5.9.0.jar;
PATH=C:\Program Files (x86)\Common Files\Oracle\Java\javapath;C:\Program Files (x86)\Intel\iCLS Client\;C:\Program Files\Intel\iCLS Client\;C:\WINDOWS\system32;C:\WINDOWS;C:\WINDOWS\System32\Wbem;C:\WINDOWS\System32\WindowsPowerShell\v1.0\;C:\Program Files\Intel\Intel(R) Management Engine Components\DAL;C:\Program Files (x86)\Intel\Intel(R) Management Engine Components\DAL;C:\Program Files\Intel\Intel(R) Management Engine Components\IPT;C:\Program Files (x86)\Intel\Intel(R) Management Engine Components\IPT;c:\Program Files (x86)\ATI Technologies\ATI.ACE\Core-Static;C:\Program Files\MySQL\MySQL Server 5.7\bin;C:\WINDOWS\System32\OpenSSH\;C:\jdk1.8.0_251\bin;C:\apache-maven-3.6.3\bin;C:\Program Files\Notepad++\;C:\javafx-sdk-15\libNOTUSE;C:\apache-ant-1.10.8\bin;C:\Program Files\MySQL\MySQL Shell 8.0\bin\;C:\Users\SIA\AppData\Local\Microsoft\WindowsApps;;C:\Users\SIA\AppData\Local\Programs\Fiddler
USERNAME=SIA
OS=Windows_NT
PROCESSOR_IDENTIFIER=Intel64 Family 6 Model 63 Stepping 2, GenuineIntel



---------------  S Y S T E M  ---------------

OS: Windows 10.0 , 64 bit Build 18362 (10.0.18362.1082)

CPU:total 12 (initial active 12) (6 cores per cpu, 2 threads per core) family 6 model 63 stepping 2, cmov, cx8, fxsr, mmx, sse, sse2, sse3, ssse3, sse4.1, sse4.2, popcnt, avx, avx2, aes, clmul, erms, lzcnt, ht, tsc, tscinvbit, bmi1, bmi2

Memory: 4k page, physical 16699728k(547096k free), swap 50302796k(1928k free)

vm_info: Java HotSpot(TM) 64-Bit Server VM (25.251-b08) for windows-amd64 JRE (1.8.0_251-b08), built on Mar 12 2020 06:31:49 by "" with MS VC++ 10.0 (VS2010)

time: Tue Oct 13 15:20:04 2020
timezone: Eastern Daylight Time
elapsed time: 143 seconds (0d 0h 2m 23s)

